<?xml version="1.0" encoding="UTF-8"?>
<!-- Generated by org.testng.reporters.JUnitXMLReporter -->
<testsuite ignored="0" hostname="LAPTOP-R5SC2BLC" failures="0" tests="4" name="Test" time="22.537" errors="0" timestamp="2024-07-02T09:56:31 IST">
  <testcase classname="api.testcases.UserTestCase2" name="testCreateUser" time="4.375"/>
  <testcase classname="api.testcases.UserTestCase2" name="testGetUser" time="3.592"/>
  <testcase classname="api.testcases.UserTestCase2" name="testUpdateUser" time="10.542"/>
  <testcase classname="api.testcases.UserTestCase2" name="testdeleteUser" time="2.961"/>
</testsuite> <!-- Test -->
