<?xml version="1.0" encoding="UTF-8"?>
<testsuite xmlns:xsi="http://www.w3.org/2001/XMLSchema-instance" xsi:noNamespaceSchemaLocation="https://maven.apache.org/surefire/maven-surefire-plugin/xsd/surefire-test-report.xsd" version="3.0.1" name="TestSuite" time="23.654" tests="4" errors="0" skipped="0" failures="0">
  <properties>
[...]
</properties>
  <testcase name="testCreateUser" classname="api.testcases.UserTestCase2" time="4.382">
    <system-out><![CDATA[ On Start Method is Invoked ....... 
 Creating a user Data  ............
HTTP/1.1 200 OK
Date: Tue, 02 Jul 2024 04:26:20 GMT
Content-Type: application/json
Transfer-Encoding: chunked
Connection: keep-alive
Access-Control-Allow-Origin: *
Access-Control-Allow-Methods: GET, POST, DELETE, PUT
Access-Control-Allow-Headers: Content-Type, api_key, Authorization
Server: Jetty(9.2.9.v20150224)

{
    "code": 200,
    "type": "unknown",
    "message": "1219916644"
}
{
    "code": 200,
    "type": "unknown",
    "message": "1219916644"
}
[INFO ] 2024-07-02 09:56:13.821 [main] RestAssuredAutomationFramework -  Create User Executed .......
Name of Successfully executed test method : testCreateUser
]]></system-out>
    <system-err><![CDATA[SLF4J: Failed to load class "org.slf4j.impl.StaticLoggerBinder".
SLF4J: Defaulting to no-operation (NOP) logger implementation
SLF4J: See http://www.slf4j.org/codes.html#StaticLoggerBinder for further details.
]]></system-err>
  </testcase>
  <testcase name="testGetUser" classname="api.testcases.UserTestCase2" time="3.594">
    <system-out><![CDATA[ Featching a user Data  ............
HTTP/1.1 200 OK
Date: Tue, 02 Jul 2024 04:26:24 GMT
Content-Type: application/json
Transfer-Encoding: chunked
Connection: keep-alive
Access-Control-Allow-Origin: *
Access-Control-Allow-Methods: GET, POST, DELETE, PUT
Access-Control-Allow-Headers: Content-Type, api_key, Authorization
Server: Jetty(9.2.9.v20150224)

{
    "id": 1219916644,
    "username": "lane.ebert",
    "email": "odell.walsh@example.com",
    "password": "oilxrwo",
    "phone": "1-968-543-6798",
    "userStatus": 0
}
[INFO ] 2024-07-02 09:56:17.424 [main] RestAssuredAutomationFramework -  Get User Executed ......
Name of Successfully executed test method : testGetUser
]]></system-out>
  </testcase>
  <testcase name="testUpdateUser" classname="api.testcases.UserTestCase2" time="10.543">
    <system-out><![CDATA[HTTP/1.1 200 OK
Date: Tue, 02 Jul 2024 04:26:31 GMT
Content-Type: application/json
Transfer-Encoding: chunked
Connection: keep-alive
Access-Control-Allow-Origin: *
Access-Control-Allow-Methods: GET, POST, DELETE, PUT
Access-Control-Allow-Headers: Content-Type, api_key, Authorization
Server: Jetty(9.2.9.v20150224)

{
    "code": 200,
    "type": "unknown",
    "message": "1219916644"
}
 After Updating a user Data  ..........
HTTP/1.1 200 OK
Date: Tue, 02 Jul 2024 04:26:34 GMT
Content-Type: application/json
Transfer-Encoding: chunked
Connection: keep-alive
Access-Control-Allow-Origin: *
Access-Control-Allow-Methods: GET, POST, DELETE, PUT
Access-Control-Allow-Headers: Content-Type, api_key, Authorization
Server: Jetty(9.2.9.v20150224)

{
    "id": 1219916644,
    "username": "lane.ebert",
    "email": "odell.walsh@example.com",
    "password": "oilxrwo",
    "phone": "1-968-543-6798",
    "userStatus": 0
}
[INFO ] 2024-07-02 09:56:27.970 [main] RestAssuredAutomationFramework -  Update User Executed ........
Name of Successfully executed test method : testUpdateUser
]]></system-out>
  </testcase>
  <testcase name="testdeleteUser" classname="api.testcases.UserTestCase2" time="2.964">
    <system-out><![CDATA[  Deleteing a user Data  ..................
HTTP/1.1 200 OK
Date: Tue, 02 Jul 2024 04:26:37 GMT
Content-Type: application/json
Transfer-Encoding: chunked
Connection: keep-alive
Access-Control-Allow-Origin: *
Access-Control-Allow-Methods: GET, POST, DELETE, PUT
Access-Control-Allow-Headers: Content-Type, api_key, Authorization
Server: Jetty(9.2.9.v20150224)

{
    "code": 200,
    "type": "unknown",
    "message": "lane.ebert"
}
[INFO ] 2024-07-02 09:56:30.936 [main] RestAssuredAutomationFramework -  Delete User Executed .......
Name of Successfully executed test method : testdeleteUser
]]></system-out>
  </testcase>
</testsuite>