<?xml version="1.0" encoding="UTF-8"?>
<testng-results ignored="0" total="4" passed="4" failed="0" skipped="0">
  <reporter-output>
  </reporter-output>
  <suite started-at="2024-06-29T21:27:01 IST" name="Suite" finished-at="2024-06-29T21:27:16 IST" duration-ms="15347">
    <groups>
    </groups>
    <test started-at="2024-06-29T21:27:01 IST" name="Test" finished-at="2024-06-29T21:27:16 IST" duration-ms="15347">
      <class name="api.testcases.UserTestCase2">
        <test-method is-config="true" signature="generateTestData()[pri:0, instance:api.testcases.UserTestCase2@2af004b]" started-at="2024-06-29T21:27:01 IST" name="generateTestData" finished-at="2024-06-29T21:27:02 IST" duration-ms="853" status="PASS">
          <reporter-output>
          </reporter-output>
        </test-method> <!-- generateTestData -->
        <test-method signature="testCreateUser()[pri:1, instance:api.testcases.UserTestCase2@2af004b]" started-at="2024-06-29T21:27:02 IST" name="testCreateUser" finished-at="2024-06-29T21:27:06 IST" duration-ms="4051" status="PASS">
          <reporter-output>
          </reporter-output>
        </test-method> <!-- testCreateUser -->
        <test-method signature="testGetUser()[pri:2, instance:api.testcases.UserTestCase2@2af004b]" started-at="2024-06-29T21:27:06 IST" name="testGetUser" finished-at="2024-06-29T21:27:09 IST" duration-ms="2781" status="PASS">
          <reporter-output>
          </reporter-output>
        </test-method> <!-- testGetUser -->
        <test-method signature="testUpdateUser()[pri:3, instance:api.testcases.UserTestCase2@2af004b]" started-at="2024-06-29T21:27:09 IST" name="testUpdateUser" finished-at="2024-06-29T21:27:14 IST" duration-ms="5115" status="PASS">
          <reporter-output>
          </reporter-output>
        </test-method> <!-- testUpdateUser -->
        <test-method signature="testdeleteUser()[pri:4, instance:api.testcases.UserTestCase2@2af004b]" started-at="2024-06-29T21:27:14 IST" name="testdeleteUser" finished-at="2024-06-29T21:27:16 IST" duration-ms="2232" status="PASS">
          <reporter-output>
          </reporter-output>
        </test-method> <!-- testdeleteUser -->
      </class> <!-- api.testcases.UserTestCase2 -->
    </test> <!-- Test -->
  </suite> <!-- Suite -->
</testng-results>
